0 info it worked if it ends with ok
1 verbose cli [ 'node', '/usr/local/bin/npm', 'install', '-g', 'bower' ]
2 info using npm@1.3.2
3 info using node@v0.10.13
4 verbose cache add [ 'bower', null ]
5 verbose cache add name=undefined spec="bower" args=["bower",null]
6 verbose parsed url { protocol: null,
6 verbose parsed url   slashes: null,
6 verbose parsed url   auth: null,
6 verbose parsed url   host: null,
6 verbose parsed url   port: null,
6 verbose parsed url   hostname: null,
6 verbose parsed url   hash: null,
6 verbose parsed url   search: null,
6 verbose parsed url   query: null,
6 verbose parsed url   pathname: 'bower',
6 verbose parsed url   path: 'bower',
6 verbose parsed url   href: 'bower' }
7 silly lockFile 206e3ce5-bower bower
8 verbose lock bower /Users/sander/.npm/206e3ce5-bower.lock
9 silly lockFile 206e3ce5-bower bower
10 silly lockFile 206e3ce5-bower bower
11 verbose addNamed [ 'bower', '' ]
12 verbose addNamed [ null, '*' ]
13 silly lockFile 1240aab1-bower bower@
14 verbose lock bower@ /Users/sander/.npm/1240aab1-bower.lock
15 silly addNameRange { name: 'bower', range: '*', hasData: false }
16 verbose url raw bower
17 verbose url resolving [ 'https://registry.npmjs.org/', './bower' ]
18 verbose url resolved https://registry.npmjs.org/bower
19 info trying registry request attempt 1 at 23:44:14
20 verbose etag "COTCQT38UY2BTW0QYD307KIDF"
21 http GET https://registry.npmjs.org/bower
22 http 200 https://registry.npmjs.org/bower
23 silly registry.get cb [ 200,
23 silly registry.get   { vary: 'Accept',
23 silly registry.get     server: 'CouchDB/1.3.1 (Erlang OTP/R15B03)',
23 silly registry.get     etag: '"7VG0LXJRJRWK3SJBXV2YINGMK"',
23 silly registry.get     date: 'Sun, 08 Sep 2013 04:44:14 GMT',
23 silly registry.get     'content-type': 'application/json',
23 silly registry.get     'content-length': '625931' } ]
24 silly addNameRange number 2 { name: 'bower', range: '*', hasData: true }
25 silly addNameRange versions [ 'bower',
25 silly addNameRange   [ '0.1.0',
25 silly addNameRange     '0.1.2',
25 silly addNameRange     '0.1.3',
25 silly addNameRange     '0.2.0',
25 silly addNameRange     '0.3.0',
25 silly addNameRange     '0.3.1',
25 silly addNameRange     '0.3.2',
25 silly addNameRange     '0.4.0',
25 silly addNameRange     '0.5.0',
25 silly addNameRange     '0.5.1',
25 silly addNameRange     '0.6.0',
25 silly addNameRange     '0.6.1',
25 silly addNameRange     '0.6.2',
25 silly addNameRange     '0.6.3',
25 silly addNameRange     '0.6.4',
25 silly addNameRange     '0.6.5',
25 silly addNameRange     '0.6.6',
25 silly addNameRange     '0.6.7',
25 silly addNameRange     '0.6.8',
25 silly addNameRange     '0.7.0',
25 silly addNameRange     '0.7.1',
25 silly addNameRange     '0.8.0',
25 silly addNameRange     '0.8.1',
25 silly addNameRange     '0.8.2',
25 silly addNameRange     '0.8.3',
25 silly addNameRange     '0.8.4',
25 silly addNameRange     '0.8.5',
25 silly addNameRange     '0.8.6',
25 silly addNameRange     '0.9.0',
25 silly addNameRange     '0.9.1',
25 silly addNameRange     '0.9.2',
25 silly addNameRange     '0.10.0',
25 silly addNameRange     '1.0.0',
25 silly addNameRange     '1.0.1',
25 silly addNameRange     '1.0.2',
25 silly addNameRange     '1.0.3',
25 silly addNameRange     '1.1.0',
25 silly addNameRange     '1.1.1',
25 silly addNameRange     '1.1.2',
25 silly addNameRange     '1.2.0',
25 silly addNameRange     '1.2.1',
25 silly addNameRange     '1.2.2',
25 silly addNameRange     '1.2.3',
25 silly addNameRange     '1.2.4',
25 silly addNameRange     '1.2.5',
25 silly addNameRange     '1.2.6' ] ]
26 verbose addNamed [ 'bower', '1.2.6' ]
27 verbose addNamed [ '1.2.6', '1.2.6' ]
28 silly lockFile 0ffe99e1-bower-1-2-6 bower@1.2.6
29 verbose lock bower@1.2.6 /Users/sander/.npm/0ffe99e1-bower-1-2-6.lock
30 silly lockFile 6ada2e9f--npmjs-org-bower-bower-1-2-6-tgz https://registry.npmjs.org/bower/-/bower-1.2.6.tgz
31 verbose lock https://registry.npmjs.org/bower/-/bower-1.2.6.tgz /Users/sander/.npm/6ada2e9f--npmjs-org-bower-bower-1-2-6-tgz.lock
32 verbose addRemoteTarball [ 'https://registry.npmjs.org/bower/-/bower-1.2.6.tgz',
32 verbose addRemoteTarball   'a8b7bd344601554821957b9ab62fb436febc674d' ]
33 info retry fetch attempt 1 at 23:44:15
34 verbose fetch to= /var/folders/lk/_tcwqfyd65xb63ssdgchs3s00000gp/T/npm-33475/1378615455467-0.6665379232726991/tmp.tgz
35 http GET https://registry.npmjs.org/bower/-/bower-1.2.6.tgz
36 http 200 https://registry.npmjs.org/bower/-/bower-1.2.6.tgz
37 verbose tar unpack /var/folders/lk/_tcwqfyd65xb63ssdgchs3s00000gp/T/npm-33475/1378615455467-0.6665379232726991/tmp.tgz
38 silly lockFile 1e0cfb99-55467-0-6665379232726991-package tar:///var/folders/lk/_tcwqfyd65xb63ssdgchs3s00000gp/T/npm-33475/1378615455467-0.6665379232726991/package
39 verbose lock tar:///var/folders/lk/_tcwqfyd65xb63ssdgchs3s00000gp/T/npm-33475/1378615455467-0.6665379232726991/package /Users/sander/.npm/1e0cfb99-55467-0-6665379232726991-package.lock
40 silly lockFile 67541098-55467-0-6665379232726991-tmp-tgz tar:///var/folders/lk/_tcwqfyd65xb63ssdgchs3s00000gp/T/npm-33475/1378615455467-0.6665379232726991/tmp.tgz
41 verbose lock tar:///var/folders/lk/_tcwqfyd65xb63ssdgchs3s00000gp/T/npm-33475/1378615455467-0.6665379232726991/tmp.tgz /Users/sander/.npm/67541098-55467-0-6665379232726991-tmp-tgz.lock
42 silly gunzTarPerm modes [ '755', '644' ]
43 silly gunzTarPerm extractEntry package.json
44 silly gunzTarPerm extractEntry .npmignore
45 silly gunzTarPerm extractEntry README.md
46 silly gunzTarPerm extractEntry LICENSE
47 silly gunzTarPerm extractEntry Gruntfile.js
48 silly gunzTarPerm extractEntry CONTRIBUTING.md
49 silly gunzTarPerm extractEntry .editorconfig
50 silly gunzTarPerm extractEntry .jshintrc
51 silly gunzTarPerm extractEntry .travis.yml
52 silly gunzTarPerm extractEntry bin/bower
53 silly gunzTarPerm extractEntry lib/config.js
54 silly gunzTarPerm extractEntry lib/index.js
55 silly gunzTarPerm extractEntry lib/commands/update.js
56 silly gunzTarPerm extractEntry lib/commands/index.js
57 silly gunzTarPerm extractEntry lib/commands/info.js
58 silly gunzTarPerm extractEntry lib/commands/init.js
59 silly gunzTarPerm extractEntry lib/commands/install.js
60 silly gunzTarPerm extractEntry lib/commands/home.js
61 silly gunzTarPerm extractEntry lib/commands/list.js
62 silly gunzTarPerm extractEntry lib/commands/lookup.js
63 silly gunzTarPerm extractEntry lib/commands/prune.js
64 silly gunzTarPerm extractEntry lib/commands/register.js
65 silly gunzTarPerm extractEntry lib/commands/search.js
66 silly gunzTarPerm extractEntry lib/commands/help.js
67 silly gunzTarPerm extractEntry lib/commands/uninstall.js
68 silly gunzTarPerm extractEntry lib/commands/completion.js
69 silly gunzTarPerm extractEntry lib/commands/link.js
70 silly gunzTarPerm extractEntry lib/commands/cache/clean.js
71 silly gunzTarPerm extractEntry lib/commands/cache/index.js
72 silly gunzTarPerm extractEntry lib/commands/cache/list.js
73 silly gunzTarPerm extractEntry lib/core/Manager.js
74 silly gunzTarPerm extractEntry lib/core/PackageRepository.js
75 silly gunzTarPerm extractEntry lib/core/Project.js
76 silly gunzTarPerm extractEntry lib/core/ResolveCache.js
77 silly gunzTarPerm extractEntry lib/core/resolverFactory.js
78 silly gunzTarPerm extractEntry lib/core/resolvers/FsResolver.js
79 silly gunzTarPerm extractEntry lib/core/resolvers/GitFsResolver.js
80 silly gunzTarPerm extractEntry lib/core/resolvers/GitHubResolver.js
81 silly gunzTarPerm extractEntry lib/core/resolvers/GitRemoteResolver.js
82 silly gunzTarPerm extractEntry lib/core/resolvers/GitResolver.js
83 silly gunzTarPerm extractEntry lib/core/resolvers/Resolver.js
84 silly gunzTarPerm extractEntry lib/core/resolvers/UrlResolver.js
85 silly gunzTarPerm extractEntry lib/core/resolvers/index.js
86 silly gunzTarPerm extractEntry lib/renderers/JsonRenderer.js
87 silly gunzTarPerm extractEntry lib/renderers/StandardRenderer.js
88 silly gunzTarPerm extractEntry lib/renderers/index.js
89 silly gunzTarPerm extractEntry lib/util/cli.js
90 silly gunzTarPerm extractEntry lib/util/createError.js
91 silly gunzTarPerm extractEntry lib/util/createLink.js
92 silly gunzTarPerm extractEntry lib/util/download.js
93 silly gunzTarPerm extractEntry lib/util/extract.js
94 silly gunzTarPerm extractEntry lib/util/copy.js
95 silly gunzTarPerm extractEntry lib/util/readJson.js
96 silly gunzTarPerm extractEntry lib/util/removeIgnores.js
97 silly gunzTarPerm extractEntry lib/util/rootCheck.js
98 silly gunzTarPerm extractEntry lib/util/semver.js
99 silly gunzTarPerm extractEntry lib/util/template.js
100 silly gunzTarPerm extractEntry lib/util/cmd.js
101 silly gunzTarPerm extractEntry lib/util/validLink.js
102 silly gunzTarPerm extractEntry lib/util/md5.js
103 silly gunzTarPerm extractEntry CHANGELOG.md
104 silly gunzTarPerm extractEntry templates/helpers/colors.js
105 silly gunzTarPerm extractEntry templates/helpers/condense.js
106 silly gunzTarPerm extractEntry templates/helpers/indent.js
107 silly gunzTarPerm extractEntry templates/helpers/index.js
108 silly gunzTarPerm extractEntry templates/helpers/rpad.js
109 silly gunzTarPerm extractEntry templates/helpers/sum.js
110 silly gunzTarPerm extractEntry templates/json/help-list.json
111 silly gunzTarPerm extractEntry templates/json/help-cache/clean.json
112 silly gunzTarPerm extractEntry templates/json/help-cache/list.json
113 silly gunzTarPerm extractEntry templates/json/help-home.json
114 silly gunzTarPerm extractEntry templates/json/help-info.json
115 silly gunzTarPerm extractEntry templates/json/help-init.json
116 silly gunzTarPerm extractEntry templates/json/help-install.json
117 silly gunzTarPerm extractEntry templates/json/help-link.json
118 silly gunzTarPerm extractEntry templates/json/help-cache.json
119 silly gunzTarPerm extractEntry templates/json/help-lookup.json
120 silly gunzTarPerm extractEntry templates/json/help-prune.json
121 silly gunzTarPerm extractEntry templates/json/help-register.json
122 silly gunzTarPerm extractEntry templates/json/help-search.json
123 silly gunzTarPerm extractEntry templates/json/help-uninstall.json
124 silly gunzTarPerm extractEntry templates/json/help-update.json
125 silly gunzTarPerm extractEntry templates/json/help.json
126 silly gunzTarPerm extractEntry templates/std/conflict-resolved.std
127 silly gunzTarPerm extractEntry templates/std/conflict.std
128 silly gunzTarPerm extractEntry templates/std/help-cache.std
129 silly gunzTarPerm extractEntry templates/std/help-generic.std
130 silly gunzTarPerm extractEntry templates/std/help.std
131 silly gunzTarPerm extractEntry templates/std/info.std
132 silly gunzTarPerm extractEntry templates/std/lookup.std
133 silly gunzTarPerm extractEntry templates/std/register.std
134 silly gunzTarPerm extractEntry templates/std/search-results.std
135 silly gunzTarPerm extractEntry templates/std/update-notice.std
136 silly gunzTarPerm extractEntry test/packages.js
137 silly gunzTarPerm extractEntry test/test.js
138 silly gunzTarPerm extractEntry test/assets/package-tar.tar.gz
139 silly gunzTarPerm extractEntry test/assets/package-zip-folder-single-file.zip
140 silly gunzTarPerm extractEntry test/assets/package-zip-folder.zip
141 silly gunzTarPerm extractEntry test/assets/package-zip-single-bower-json.zip
142 silly gunzTarPerm extractEntry test/assets/package-zip-single-component-json.zip
143 silly gunzTarPerm extractEntry test/assets/package-zip-single-file.zip
144 silly gunzTarPerm extractEntry test/assets/package-zip.zip
145 silly gunzTarPerm extractEntry test/assets/resolve-cache/list-json-1.json
146 silly gunzTarPerm extractEntry test/assets/test-temp-dir/test-exception.js
147 silly gunzTarPerm extractEntry test/assets/test-temp-dir/test.js
148 silly gunzTarPerm extractEntry test/core/packageRepository.js
149 silly gunzTarPerm extractEntry test/core/resolveCache.js
150 silly gunzTarPerm extractEntry test/core/resolverFactory.js
151 silly gunzTarPerm extractEntry test/core/resolvers/fsResolver.js
152 silly gunzTarPerm extractEntry test/core/resolvers/gitFsResolver.js
153 silly gunzTarPerm extractEntry test/core/resolvers/gitHubResolver.js
154 silly gunzTarPerm extractEntry test/core/resolvers/gitRemoteResolver.js
155 silly gunzTarPerm extractEntry test/core/resolvers/gitResolver.js
156 silly gunzTarPerm extractEntry test/core/resolvers/resolver.js
157 silly gunzTarPerm extractEntry test/core/resolvers/urlResolver.js
158 silly gunzTarPerm extractEntry test/packages.json
159 silly lockFile 1e0cfb99-55467-0-6665379232726991-package tar:///var/folders/lk/_tcwqfyd65xb63ssdgchs3s00000gp/T/npm-33475/1378615455467-0.6665379232726991/package
160 silly lockFile 1e0cfb99-55467-0-6665379232726991-package tar:///var/folders/lk/_tcwqfyd65xb63ssdgchs3s00000gp/T/npm-33475/1378615455467-0.6665379232726991/package
161 silly lockFile 67541098-55467-0-6665379232726991-tmp-tgz tar:///var/folders/lk/_tcwqfyd65xb63ssdgchs3s00000gp/T/npm-33475/1378615455467-0.6665379232726991/tmp.tgz
162 silly lockFile 67541098-55467-0-6665379232726991-tmp-tgz tar:///var/folders/lk/_tcwqfyd65xb63ssdgchs3s00000gp/T/npm-33475/1378615455467-0.6665379232726991/tmp.tgz
163 verbose tar pack [ '/Users/sander/.npm/bower/1.2.6/package.tgz',
163 verbose tar pack   '/var/folders/lk/_tcwqfyd65xb63ssdgchs3s00000gp/T/npm-33475/1378615455467-0.6665379232726991/package' ]
164 verbose tarball /Users/sander/.npm/bower/1.2.6/package.tgz
165 verbose folder /var/folders/lk/_tcwqfyd65xb63ssdgchs3s00000gp/T/npm-33475/1378615455467-0.6665379232726991/package
166 silly lockFile 1e0cfb99-55467-0-6665379232726991-package tar:///var/folders/lk/_tcwqfyd65xb63ssdgchs3s00000gp/T/npm-33475/1378615455467-0.6665379232726991/package
167 verbose lock tar:///var/folders/lk/_tcwqfyd65xb63ssdgchs3s00000gp/T/npm-33475/1378615455467-0.6665379232726991/package /Users/sander/.npm/1e0cfb99-55467-0-6665379232726991-package.lock
168 silly lockFile 0d2e85ba-nder-npm-bower-1-2-6-package-tgz tar:///Users/sander/.npm/bower/1.2.6/package.tgz
169 verbose lock tar:///Users/sander/.npm/bower/1.2.6/package.tgz /Users/sander/.npm/0d2e85ba-nder-npm-bower-1-2-6-package-tgz.lock
170 silly lockFile 1e0cfb99-55467-0-6665379232726991-package tar:///var/folders/lk/_tcwqfyd65xb63ssdgchs3s00000gp/T/npm-33475/1378615455467-0.6665379232726991/package
171 silly lockFile 1e0cfb99-55467-0-6665379232726991-package tar:///var/folders/lk/_tcwqfyd65xb63ssdgchs3s00000gp/T/npm-33475/1378615455467-0.6665379232726991/package
172 silly lockFile 0d2e85ba-nder-npm-bower-1-2-6-package-tgz tar:///Users/sander/.npm/bower/1.2.6/package.tgz
173 silly lockFile 0d2e85ba-nder-npm-bower-1-2-6-package-tgz tar:///Users/sander/.npm/bower/1.2.6/package.tgz
174 silly lockFile b47c46f9-s-sander-npm-bower-1-2-6-package /Users/sander/.npm/bower/1.2.6/package
175 verbose lock /Users/sander/.npm/bower/1.2.6/package /Users/sander/.npm/b47c46f9-s-sander-npm-bower-1-2-6-package.lock
176 silly lockFile b47c46f9-s-sander-npm-bower-1-2-6-package /Users/sander/.npm/bower/1.2.6/package
177 silly lockFile b47c46f9-s-sander-npm-bower-1-2-6-package /Users/sander/.npm/bower/1.2.6/package
178 verbose tar unpack /Users/sander/.npm/bower/1.2.6/package.tgz
179 silly lockFile d5f61a80-s-sander-npm-bower-1-2-6-package tar:///Users/sander/.npm/bower/1.2.6/package
180 verbose lock tar:///Users/sander/.npm/bower/1.2.6/package /Users/sander/.npm/d5f61a80-s-sander-npm-bower-1-2-6-package.lock
181 silly lockFile 0d2e85ba-nder-npm-bower-1-2-6-package-tgz tar:///Users/sander/.npm/bower/1.2.6/package.tgz
182 verbose lock tar:///Users/sander/.npm/bower/1.2.6/package.tgz /Users/sander/.npm/0d2e85ba-nder-npm-bower-1-2-6-package-tgz.lock
183 silly gunzTarPerm modes [ '755', '644' ]
184 silly gunzTarPerm extractEntry package.json
185 silly gunzTarPerm extractEntry .npmignore
186 silly gunzTarPerm extractEntry README.md
187 silly gunzTarPerm extractEntry LICENSE
188 silly gunzTarPerm extractEntry Gruntfile.js
189 silly gunzTarPerm extractEntry CONTRIBUTING.md
190 silly gunzTarPerm extractEntry .editorconfig
191 silly gunzTarPerm extractEntry .jshintrc
192 silly gunzTarPerm extractEntry .travis.yml
193 silly gunzTarPerm extractEntry bin/bower
194 silly gunzTarPerm extractEntry lib/config.js
195 silly gunzTarPerm extractEntry lib/index.js
196 silly gunzTarPerm extractEntry lib/commands/update.js
197 silly gunzTarPerm extractEntry lib/commands/index.js
198 silly gunzTarPerm extractEntry lib/commands/info.js
199 silly gunzTarPerm extractEntry lib/commands/init.js
200 silly gunzTarPerm extractEntry lib/commands/install.js
201 silly gunzTarPerm extractEntry lib/commands/home.js
202 silly gunzTarPerm extractEntry lib/commands/list.js
203 silly gunzTarPerm extractEntry lib/commands/lookup.js
204 silly gunzTarPerm extractEntry lib/commands/prune.js
205 silly gunzTarPerm extractEntry lib/commands/register.js
206 silly gunzTarPerm extractEntry lib/commands/search.js
207 silly gunzTarPerm extractEntry lib/commands/help.js
208 silly gunzTarPerm extractEntry lib/commands/uninstall.js
209 silly gunzTarPerm extractEntry lib/commands/completion.js
210 silly gunzTarPerm extractEntry lib/commands/link.js
211 silly gunzTarPerm extractEntry lib/commands/cache/clean.js
212 silly gunzTarPerm extractEntry lib/commands/cache/index.js
213 silly gunzTarPerm extractEntry lib/commands/cache/list.js
214 silly gunzTarPerm extractEntry lib/core/Manager.js
215 silly gunzTarPerm extractEntry lib/core/PackageRepository.js
216 silly gunzTarPerm extractEntry lib/core/Project.js
217 silly gunzTarPerm extractEntry lib/core/ResolveCache.js
218 silly gunzTarPerm extractEntry lib/core/resolverFactory.js
219 silly gunzTarPerm extractEntry lib/core/resolvers/FsResolver.js
220 silly gunzTarPerm extractEntry lib/core/resolvers/GitFsResolver.js
221 silly gunzTarPerm extractEntry lib/core/resolvers/GitHubResolver.js
222 silly gunzTarPerm extractEntry lib/core/resolvers/GitRemoteResolver.js
223 silly gunzTarPerm extractEntry lib/core/resolvers/GitResolver.js
224 silly gunzTarPerm extractEntry lib/core/resolvers/Resolver.js
225 silly gunzTarPerm extractEntry lib/core/resolvers/UrlResolver.js
226 silly gunzTarPerm extractEntry lib/core/resolvers/index.js
227 silly gunzTarPerm extractEntry lib/renderers/JsonRenderer.js
228 silly gunzTarPerm extractEntry lib/renderers/StandardRenderer.js
229 silly gunzTarPerm extractEntry lib/renderers/index.js
230 silly gunzTarPerm extractEntry lib/util/cli.js
231 silly gunzTarPerm extractEntry lib/util/createError.js
232 silly gunzTarPerm extractEntry lib/util/createLink.js
233 silly gunzTarPerm extractEntry lib/util/download.js
234 silly gunzTarPerm extractEntry lib/util/extract.js
235 silly gunzTarPerm extractEntry lib/util/copy.js
236 silly gunzTarPerm extractEntry lib/util/readJson.js
237 silly gunzTarPerm extractEntry lib/util/removeIgnores.js
238 silly gunzTarPerm extractEntry lib/util/rootCheck.js
239 silly gunzTarPerm extractEntry lib/util/semver.js
240 silly gunzTarPerm extractEntry lib/util/template.js
241 silly gunzTarPerm extractEntry lib/util/cmd.js
242 silly gunzTarPerm extractEntry lib/util/validLink.js
243 silly gunzTarPerm extractEntry lib/util/md5.js
244 silly gunzTarPerm extractEntry CHANGELOG.md
245 silly gunzTarPerm extractEntry templates/helpers/colors.js
246 silly gunzTarPerm extractEntry templates/helpers/condense.js
247 silly gunzTarPerm extractEntry templates/helpers/indent.js
248 silly gunzTarPerm extractEntry templates/helpers/index.js
249 silly gunzTarPerm extractEntry templates/helpers/rpad.js
250 silly gunzTarPerm extractEntry templates/helpers/sum.js
251 silly gunzTarPerm extractEntry templates/json/help-list.json
252 silly gunzTarPerm extractEntry templates/json/help-cache/clean.json
253 silly gunzTarPerm extractEntry templates/json/help-cache/list.json
254 silly gunzTarPerm extractEntry templates/json/help-home.json
255 silly gunzTarPerm extractEntry templates/json/help-info.json
256 silly gunzTarPerm extractEntry templates/json/help-init.json
257 silly gunzTarPerm extractEntry templates/json/help-install.json
258 silly gunzTarPerm extractEntry templates/json/help-link.json
259 silly gunzTarPerm extractEntry templates/json/help-cache.json
260 silly gunzTarPerm extractEntry templates/json/help-lookup.json
261 silly gunzTarPerm extractEntry templates/json/help-prune.json
262 silly gunzTarPerm extractEntry templates/json/help-register.json
263 silly gunzTarPerm extractEntry templates/json/help-search.json
264 silly gunzTarPerm extractEntry templates/json/help-uninstall.json
265 silly gunzTarPerm extractEntry templates/json/help-update.json
266 silly gunzTarPerm extractEntry templates/json/help.json
267 silly gunzTarPerm extractEntry templates/std/conflict-resolved.std
268 silly gunzTarPerm extractEntry templates/std/conflict.std
269 silly gunzTarPerm extractEntry templates/std/help-cache.std
270 silly gunzTarPerm extractEntry templates/std/help-generic.std
271 silly gunzTarPerm extractEntry templates/std/help.std
272 silly gunzTarPerm extractEntry templates/std/info.std
273 silly gunzTarPerm extractEntry templates/std/lookup.std
274 silly gunzTarPerm extractEntry templates/std/register.std
275 silly gunzTarPerm extractEntry templates/std/search-results.std
276 silly gunzTarPerm extractEntry templates/std/update-notice.std
277 silly gunzTarPerm extractEntry test/packages.js
278 silly gunzTarPerm extractEntry test/test.js
279 silly gunzTarPerm extractEntry test/assets/package-tar.tar.gz
280 silly gunzTarPerm extractEntry test/assets/package-zip-folder-single-file.zip
281 silly gunzTarPerm extractEntry test/assets/package-zip-folder.zip
282 silly gunzTarPerm extractEntry test/assets/package-zip-single-bower-json.zip
283 silly gunzTarPerm extractEntry test/assets/package-zip-single-component-json.zip
284 silly gunzTarPerm extractEntry test/assets/package-zip-single-file.zip
285 silly gunzTarPerm extractEntry test/assets/package-zip.zip
286 silly gunzTarPerm extractEntry test/assets/resolve-cache/list-json-1.json
287 silly gunzTarPerm extractEntry test/assets/test-temp-dir/test-exception.js
288 silly gunzTarPerm extractEntry test/assets/test-temp-dir/test.js
289 silly gunzTarPerm extractEntry test/core/packageRepository.js
290 silly gunzTarPerm extractEntry test/core/resolveCache.js
291 silly gunzTarPerm extractEntry test/core/resolverFactory.js
292 silly gunzTarPerm extractEntry test/core/resolvers/fsResolver.js
293 silly gunzTarPerm extractEntry test/core/resolvers/gitFsResolver.js
294 silly gunzTarPerm extractEntry test/core/resolvers/gitHubResolver.js
295 silly gunzTarPerm extractEntry test/core/resolvers/gitRemoteResolver.js
296 silly gunzTarPerm extractEntry test/core/resolvers/gitResolver.js
297 silly gunzTarPerm extractEntry test/core/resolvers/resolver.js
298 silly gunzTarPerm extractEntry test/core/resolvers/urlResolver.js
299 silly gunzTarPerm extractEntry test/packages.json
300 silly lockFile d5f61a80-s-sander-npm-bower-1-2-6-package tar:///Users/sander/.npm/bower/1.2.6/package
301 silly lockFile d5f61a80-s-sander-npm-bower-1-2-6-package tar:///Users/sander/.npm/bower/1.2.6/package
302 silly lockFile 0d2e85ba-nder-npm-bower-1-2-6-package-tgz tar:///Users/sander/.npm/bower/1.2.6/package.tgz
303 silly lockFile 0d2e85ba-nder-npm-bower-1-2-6-package-tgz tar:///Users/sander/.npm/bower/1.2.6/package.tgz
304 verbose chmod /Users/sander/.npm/bower/1.2.6/package.tgz 644
305 verbose chown /Users/sander/.npm/bower/1.2.6/package.tgz [ 502, 20 ]
306 silly lockFile 6ada2e9f--npmjs-org-bower-bower-1-2-6-tgz https://registry.npmjs.org/bower/-/bower-1.2.6.tgz
307 silly lockFile 6ada2e9f--npmjs-org-bower-bower-1-2-6-tgz https://registry.npmjs.org/bower/-/bower-1.2.6.tgz
308 silly lockFile 0ffe99e1-bower-1-2-6 bower@1.2.6
309 silly lockFile 0ffe99e1-bower-1-2-6 bower@1.2.6
310 silly lockFile 1240aab1-bower bower@
311 silly lockFile 1240aab1-bower bower@
312 silly resolved [ { name: 'bower',
312 silly resolved     version: '1.2.6',
312 silly resolved     description: 'The browser package manager.',
312 silly resolved     author: { name: 'Twitter' },
312 silly resolved     licenses: [ [Object] ],
312 silly resolved     repository: { type: 'git', url: 'git://github.com/bower/bower.git' },
312 silly resolved     main: 'lib',
312 silly resolved     homepage: 'http://bower.io',
312 silly resolved     engines: { node: '>=0.8.0' },
312 silly resolved     dependencies:
312 silly resolved      { abbrev: '~1.0.4',
312 silly resolved        archy: '0.0.2',
312 silly resolved        'bower-config': '~0.5.0',
312 silly resolved        'bower-endpoint-parser': '~0.2.0',
312 silly resolved        'bower-json': '~0.4.0',
312 silly resolved        'bower-logger': '~0.2.1',
312 silly resolved        'bower-registry-client': '~0.1.4',
312 silly resolved        cardinal: '~0.4.0',
312 silly resolved        chalk: '~0.2.0',
312 silly resolved        chmodr: '~0.1.0',
312 silly resolved        fstream: '~0.1.22',
312 silly resolved        'fstream-ignore': '~0.0.6',
312 silly resolved        glob: '~3.2.1',
312 silly resolved        'graceful-fs': '~2.0.0',
312 silly resolved        handlebars: '~1.0.11',
312 silly resolved        inquirer: '~0.3.0',
312 silly resolved        junk: '~0.2.0',
312 silly resolved        mkdirp: '~0.3.5',
312 silly resolved        mout: '~0.6.0',
312 silly resolved        nopt: '~2.1.1',
312 silly resolved        'lru-cache': '~2.3.0',
312 silly resolved        open: '~0.0.3',
312 silly resolved        osenv: '0.0.3',
312 silly resolved        promptly: '~0.2.0',
312 silly resolved        q: '~0.9.2',
312 silly resolved        request: '~2.27.0',
312 silly resolved        'request-progress': '~0.3.0',
312 silly resolved        retry: '~0.6.0',
312 silly resolved        rimraf: '~2.2.0',
312 silly resolved        semver: '~2.1.0',
312 silly resolved        'stringify-object': '~0.1.4',
312 silly resolved        'sudo-block': '~0.2.0',
312 silly resolved        tar: '~0.1.17',
312 silly resolved        tmp: '~0.0.20',
312 silly resolved        unzip: '~0.1.7',
312 silly resolved        'update-notifier': '~0.1.3',
312 silly resolved        which: '~1.0.5' },
312 silly resolved     devDependencies:
312 silly resolved      { 'expect.js': '~0.2.0',
312 silly resolved        grunt: '~0.4.1',
312 silly resolved        'grunt-simple-mocha': '~0.4.0',
312 silly resolved        'grunt-contrib-watch': '~0.5.0',
312 silly resolved        'grunt-contrib-jshint': '~0.6.0',
312 silly resolved        'grunt-exec': '~0.4.2',
312 silly resolved        mocha: '~1.12.0',
312 silly resolved        nock: '~0.22.0',
312 silly resolved        istanbul: '~0.1.42',
312 silly resolved        proxyquire: '~0.5.0' },
312 silly resolved     scripts: { test: 'grunt test' },
312 silly resolved     bin: { bower: 'bin/bower' },
312 silly resolved     preferGlobal: true,
312 silly resolved     readme: '# BOWER [![Build Status](https://secure.travis-ci.org/bower/bower.png?branch=master)](http://travis-ci.org/bower/bower)\n\nBower is a package manager for the web. It offers a generic, unopinionated\nsolution to the problem of **front-end package management**, while exposing the\npackage dependency model via an API that can be consumed by a more opinionated\nbuild stack. There are no system wide dependencies, no dependencies are shared\nbetween different apps, and the dependency tree is flat.\n\nBower runs over Git, and is package-agnostic. A packaged component can be made\nup of any type of asset, and use any type of transport (e.g., AMD, CommonJS,\netc.).\n\n[View all packages available through Bower\'s registry](http://sindresorhus.com/bower-components/).\n\n\n## Installing Bower\n\nBower depends on [Node](http://nodejs.org/) and [npm](http://npmjs.org/). It\'s\ninstalled globally using npm:\n\n```\nnpm install -g bower\n```\n\nAlso make sure that [git](http://git-scm.com/) is installed as some bower\npackages require it to be fetched and installed.\n\n\n## Usage\n\nMuch more information is available via `bower help` once it\'s installed. This\nis just enough to get you started.\n\n#### Warning\n\nOn `prezto` or `oh-my-zsh`, do not forget to `alias bower=\'noglob bower\'` or `bower install jquery\\#1.9.1`\n\n#### Running commands with sudo\n\nBower is a user command, there is no need to execute it with superuser permissions.\nHowever, if you still want to run commands with sudo, use `--allow-root` option.\n\n### Installing packages and dependencies\n\nBower offers several ways to install packages:\n\n```\n# Using the dependencies listed in the current directory\'s bower.json\nbower install\n# Using a local or remote package\nbower install <package>\n# Using a specific version of a package\nbower install <package>#<version>\n# Using a different name and a specific version of a package\nbower install <name>=<package>#<version>\n```\n\nWhere `<package>` can be any one of the following:\n\n* A name that maps to a package registered with Bower, e.g, `jquery`. ‡\n* A remote Git endpoint, e.g., `git://github.com/someone/some-package.git`. Can be\n  public or private. ‡\n* A local endpoint, i.e., a folder that\'s a Git repository. ‡\n* A shorthand endpoint, e.g., `someone/some-package` (defaults to GitHub). ‡\n* A URL to a file, including `zip` and `tar` files. Its contents will be\n  extracted.\n\n‡ These types of `<package>` might have versions available. You can specify a\n[semver](http://semver.org/) compatible version to fetch a specific release, and lock the\npackage to that version. You can also use ranges to specify a range of versions.\n\nAll package contents are installed in the `bower_components` directory by default.\nYou should **never** directly modify the contents of this directory.\n\nUsing `bower list` will show all the packages that are installed locally.\n\n**N.B.** If you aren\'t authoring a package that is intended to be consumed by\nothers (e.g., you\'re building a web app), you should always check installed\npackages into source control.\n\n### Finding packages\n\nTo search for packages registered with Bower:\n\n```\nbower search [<name>]\n```\n\nUsing just `bower search` will list all packages in the registry.\n\n### Using packages\n\nThe easiest approach is to use Bower statically, just reference the package\'s\ninstalled components manually using a `script` tag:\n\n```html\n<script src="/bower_components/jquery/index.js"></script>\n```\n\nFor more complex projects, you\'ll probably want to concatenate your scripts or\nuse a module loader. Bower is just a package manager, but there are plenty of\nother tools -- such as [Sprockets](https://github.com/sstephenson/sprockets)\nand [RequireJS](http://requirejs.org/) -- that will help you do this.\n\n### Registering packages\n\nTo register a new package:\n\n* There **must** be a valid manifest JSON in the current working directory.\n* Your package should use [semver](http://semver.org/) Git tags.\n* Your package **must** be available at a Git endpoint (e.g., GitHub); remember\n  to push your Git tags!\n\nThen use the following command:\n\n```\nbower register <my-package-name> <git-endpoint>\n```\n\nThe Bower registry does not have authentication or user management at this point\nin time. It\'s on a first come, first served basis. Think of it like a URL\nshortener. Now anyone can run `bower install <my-package-name>`, and get your\nlibrary installed.\n\nThere is no direct way to unregister a package yet. For now, you can [request a\npackage be unregistered](https://github.com/bower/bower/issues/120).\n\n### Uninstalling packages\n\nTo uninstall a locally installed package:\n\n```\nbower uninstall <package-name>\n```\n\n\n## Configuration\n\nBower can be configured using JSON in a `.bowerrc` file.\n\nThe current spec can be read\n[here](https://docs.google.com/document/d/1APq7oA9tNao1UYWyOm8dKqlRP2blVkROYLZ2fLIjtWc/edit#heading=h.4pzytc1f9j8k)\nin the `Configuration` section.\n\n\n## Defining a package\n\nYou must create a `bower.json` in your project\'s root, and specify all of its\ndependencies. This is similar to Node\'s `package.json`, or Ruby\'s `Gemfile`,\nand is useful for locking down a project\'s dependencies.\n\n*NOTE:* In versions of Bower before 0.9.0 the package metadata file was called\n`component.json` rather than `bower.json`. This has changed to avoid a name\nclash with another tool. You can still use `component.json` for now but it is\ndeprecated and the automatic fallback is likely to be removed in an upcoming\nrelease.\n\nYou can interactively create a `bower.json` with the following command:\n\n```\nbower init\n```\n\nThe `bower.json` defines several options:\n\n* `name` (required): The name of your package.\n* `version`: A semantic version number (see [semver](http://semver.org/)).\n* `main` [string|array]: The primary endpoints of your package.\n* `ignore` [array]: An array of paths not needed in production that you want\n  Bower to ignore when installing your package.\n* `dependencies` [hash]: Packages your package depends upon in production.\n* `devDependencies` [hash]: Development dependencies.\n* `private` [boolean]: Set to true if you want to keep the package private and \n  do not want to register the package in future.\n\n```json\n{\n  "name": "my-project",\n  "version": "1.0.0",\n  "main": "path/to/main.css",\n  "ignore": [\n    ".jshintrc",\n    "**/*.txt"\n  ],\n  "dependencies": {\n    "<name>": "<version>",\n    "<name>": "<folder>",\n    "<name>": "<package>"\n  },\n  "devDependencies": {\n    "<test-framework-name>": "<version>"\n  }\n}\n```\n\n\n## Consuming a package\n\nBower also makes available a source mapping. This can be used by build tools to\neasily consume Bower packages.\n\nIf you pass the `--paths` option to Bower\'s `list` command, you will get a\nsimple path-to-name mapping:\n\n```json\n{\n  "backbone": "bower_components/backbone/index.js",\n  "jquery": "bower_components/jquery/index.js",\n  "underscore": "bower_components/underscore/index.js"\n}\n```\n\nAlternatively, every command supports the `--json` option that makes bower\noutput JSON. Command result is outputted to `stdout` and error/logs to\n`stderr`.\n\n\n## Programmatic API\n\nBower provides a powerful, programmatic API. All commands can be accessed\nthrough the `bower.commands` object.\n\n```js\nvar bower = require(\'bower\');\n\nbower.commands\n.install([\'jquery\'], { save: true }, { /* custom config */ })\n.on(\'end\', function (installed) {\n    console.log(installed);\n});\n\nbower.commands\n.search(\'jquery\', {})\n.on(\'end\', function (results) {\n    console.log(results);\n});\n```\n\nCommands emit four types of events: `log`, `prompt`, `end`, `error`.\n\n* `log` is emitted to report the state/progress of the command.\n* `prompt` is emitted whenever the user needs to be prompted.\n* `error` will only be emitted if something goes wrong.\n* `end` is emitted when the command successfully ends.\n\nFor a better of idea how this works, you may want to check out [our bin\nfile](https://github.com/bower/bower/blob/master/bin/bower).\n\nWhen using bower programmatically, prompting is disabled by default. Though you can enable it when calling commands with `interactive: true` in the config.\nThis requires you to listen for the `prompt` event and handle the prompting yourself. The easiest way is to use the [inquirer](https://npmjs.org/package/inquirer) npm module like so:\n\n```js\nvar inquirer =  require(\'inquirer\');\n\nbower.commands\n.install([\'jquery\'], { save: true }, { interactive: true })\n// ..\n.on(\'prompt\', function (prompts, callback) {\n    inquirer.prompt(prompts, callback);\n});\n```\n\n\n## Completion (experimental)\n\n_NOTE_: Completion is still not implemented for the 1.0.0 release\n\nBower now has an experimental `completion` command that is based on, and works\nsimilarly to the [npm completion](https://npmjs.org/doc/completion.html). It is\nnot available for Windows users.\n\nThis command will output a Bash / ZSH script to put into your `~/.bashrc`,\n`~/.bash_profile`, or `~/.zshrc` file.\n\n```\nbower completion >> ~/.bash_profile\n```\n\n\n## A note for Windows users\n\nTo use Bower on Windows, you must install\n[msysgit](http://code.google.com/p/msysgit/) correctly. Be sure to check the\noption shown below:\n\n![msysgit](http://f.cl.ly/items/2V2O3i1p3R2F1r2v0a12/mysgit.png)\n\nNote that if you use TortoiseGit and if Bower keeps asking for your SSH\npassword, you should add the following environment variable: `GIT_SSH -\nC:\\Program Files\\TortoiseGit\\bin\\TortoisePlink.exe`. Adjust the `TortoisePlink`\npath if needed.\n\n\n## Contact\n\nHave a question?\n\n* [StackOverflow](http://stackoverflow.com/questions/tagged/bower)\n* [Mailinglist](http://groups.google.com/group/twitter-bower) - twitter-bower@googlegroups.com\n* [\\#bower](http://webchat.freenode.net/?channels=bower) on Freenode\n\n\n## Contributing to this project\n\nAnyone and everyone is welcome to contribute. Please take a moment to\nreview the [guidelines for contributing](CONTRIBUTING.md).\n\n* [Bug reports](CONTRIBUTING.md#bugs)\n* [Feature requests](CONTRIBUTING.md#features)\n* [Pull requests](CONTRIBUTING.md#pull-requests)\n\n\n## Authors\n\n* [@fat](https://github.com/fat)\n* [@maccman](https://github.com/maccman)\n* [@satazor](https://github.com/satazor)\n\nThanks for assistance and contributions:\n\n[@addyosmani](https://github.com/addyosmani),\n[@angus-c](https://github.com/angus-c),\n[@borismus](https://github.com/borismus),\n[@carsonmcdonald](https://github.com/carsonmcdonald),\n[@chriseppstein](https://github.com/chriseppstein),\n[@danwrong](https://github.com/danwrong),\n[@davidmaxwaterman](https://github.com/davidmaxwaterman),\n[@desandro](https://github.com/desandro),\n[@hemanth](https://github.com/hemanth),\n[@isaacs](https://github.com/isaacs),\n[@josh](https://github.com/josh),\n[@jrburke](https://github.com/jrburke),\n[@marcelombc](https://github.com/marcelombc),\n[@marcooliveira](https://github.com/marcooliveira),\n[@mklabs](https://github.com/mklabs),\n[@MrDHat](https://github.com/MrDHat),\n[@necolas](https://github.com/necolas),\n[@paulirish](https://github.com/paulirish),\n[@richo](https://github.com/richo),\n[@rvagg](https://github.com/rvagg),\n[@sindresorhus](https://github.com/sindresorhus),\n[@SlexAxton](https://github.com/SlexAxton),\n[@sstephenson](https://github.com/sstephenson),\n[@svnlto](https://github.com/svnlto),\n[@tomdale](https://github.com/tomdale),\n[@uzquiano](https://github.com/uzquiano),\n[@visionmedia](https://github.com/visionmedia),\n[@wagenet](https://github.com/wagenet),\n[@wibblymat](https://github.com/wibblymat),\n[@wycats](https://github.com/wycats)\n\n\n## License\n\nCopyright 2012 Twitter, Inc.\n\nLicensed under the MIT License\n',
312 silly resolved     readmeFilename: 'README.md',
312 silly resolved     bugs: { url: 'https://github.com/bower/bower/issues' },
312 silly resolved     _id: 'bower@1.2.6',
312 silly resolved     dist: { shasum: 'ac95972a8509a4e2cec56181cb78e2ef823fa994' },
312 silly resolved     _from: 'bower@',
312 silly resolved     _resolved: 'https://registry.npmjs.org/bower/-/bower-1.2.6.tgz' } ]
313 info install bower@1.2.6 into /usr/local/lib
314 info installOne bower@1.2.6
315 info /usr/local/lib/node_modules/bower unbuild
316 verbose tar unpack /Users/sander/.npm/bower/1.2.6/package.tgz
317 silly lockFile 1396471b-usr-local-lib-node-modules-bower tar:///usr/local/lib/node_modules/bower
318 verbose lock tar:///usr/local/lib/node_modules/bower /Users/sander/.npm/1396471b-usr-local-lib-node-modules-bower.lock
319 silly lockFile 0d2e85ba-nder-npm-bower-1-2-6-package-tgz tar:///Users/sander/.npm/bower/1.2.6/package.tgz
320 verbose lock tar:///Users/sander/.npm/bower/1.2.6/package.tgz /Users/sander/.npm/0d2e85ba-nder-npm-bower-1-2-6-package-tgz.lock
321 silly gunzTarPerm modes [ '755', '644' ]
322 error Error: EACCES, mkdir '/usr/local/lib/node_modules/bower'
322 error  { [Error: EACCES, mkdir '/usr/local/lib/node_modules/bower']
322 error   errno: 3,
322 error   code: 'EACCES',
322 error   path: '/usr/local/lib/node_modules/bower',
322 error   fstream_type: 'Directory',
322 error   fstream_path: '/usr/local/lib/node_modules/bower',
322 error   fstream_class: 'DirWriter',
322 error   fstream_stack:
322 error    [ '/usr/local/lib/node_modules/npm/node_modules/fstream/lib/dir-writer.js:36:23',
322 error      '/usr/local/lib/node_modules/npm/node_modules/mkdirp/index.js:37:53',
322 error      'Object.oncomplete (fs.js:107:15)' ] }
323 error Please try running this command again as root/Administrator.
324 error System Darwin 12.4.0
325 error command "node" "/usr/local/bin/npm" "install" "-g" "bower"
326 error cwd /Users/sander/Sites/angular-express-mysql/lib
327 error node -v v0.10.13
328 error npm -v 1.3.2
329 error path /usr/local/lib/node_modules/bower
330 error fstream_path /usr/local/lib/node_modules/bower
331 error fstream_type Directory
332 error fstream_class DirWriter
333 error code EACCES
334 error errno 3
335 error stack Error: EACCES, mkdir '/usr/local/lib/node_modules/bower'
336 error fstream_stack /usr/local/lib/node_modules/npm/node_modules/fstream/lib/dir-writer.js:36:23
336 error fstream_stack /usr/local/lib/node_modules/npm/node_modules/mkdirp/index.js:37:53
336 error fstream_stack Object.oncomplete (fs.js:107:15)
337 verbose exit [ 3, true ]
